This file contains any messages produced by compilers while
running configure, to aid debugging if configure makes a mistake.

It was created by libpng configure 1.5.18, which was
generated by GNU Autoconf 2.69.  Invocation command line was

  $ ./configure 

## --------- ##
## Platform. ##
## --------- ##

hostname = pam-PC
uname -m = i686
uname -r = 1.7.22(0.268/5/3)
uname -s = CYGWIN_NT-6.1-WOW64
uname -v = 2013-07-22 17:06

/usr/bin/uname -p = unknown
/bin/uname -X     = unknown

/bin/arch              = i686
/usr/bin/arch -k       = unknown
/usr/convex/getsysinfo = unknown
/usr/bin/hostinfo      = unknown
/bin/machine           = unknown
/usr/bin/oslevel       = unknown
/bin/universe          = unknown

PATH: /usr/local/bin
PATH: /usr/bin
PATH: /cygdrive/c/Program Files (x86)/Haskell/bin
PATH: /cygdrive/g/Program Files (x86)/Haskell Platform/2013.2.0.0/lib/extralibs/bin
PATH: /cygdrive/g/Program Files (x86)/Haskell Platform/2013.2.0.0/bin
PATH: /cygdrive/c/Program Files (x86)/NVIDIA Corporation/PhysX/Common
PATH: /cygdrive/c/Program Files/Common Files/Microsoft Shared/Windows Live
PATH: /cygdrive/g/Program Files (x86)/Python27
PATH: /cygdrive/g/Program Files/Perl64/site/bin
PATH: /cygdrive/g/Program Files/Perl64/bin
PATH: /cygdrive/g/Program Files (x86)/IVT Corporation/BlueSoleil/Mobile
PATH: /cygdrive/c/Windows/system32
PATH: /cygdrive/c/bin
PATH: /cygdrive/c/Program Files (x86)/darcs
PATH: /cygdrive/g/Program Files (x86)/Python27/Scripts
PATH: /cygdrive/g/Program Files (x86)/Microsoft Visual Studio 10.0/VC
PATH: /cygdrive/g/Program Files (x86)/CMake 2.8/bin
PATH: /cygdrive/g/Program Files/TortoiseSVN/bin
PATH: /cygdrive/c/Program Files (x86)/Common Files/Acronis/SnapAPI
PATH: /cygdrive/g/Program Files (x86)/Haskell Platform/2013.2.0.0/mingw/bin
PATH: /cygdrive/g/Program Files (x86)/QuickTime/QTSystem
PATH: /cygdrive/c/Users/pam/AppData/Roaming/cabal/bin
PATH: /cygdrive/c/Program Files/Common Files/Microsoft Shared/Windows Live
PATH: /cygdrive/c/Windows
PATH: /cygdrive/g/tools/bin
PATH: /cygdrive/h/work/android-ndk-r9c
PATH: /usr/lib/lapack
PATH: /home/pam/gcc_binaries/bin


## ----------- ##
## Core tests. ##
## ----------- ##

configure:2390: checking for a BSD-compatible install
configure:2458: result: /usr/bin/install -c
configure:2469: checking whether build environment is sane
configure:2524: result: yes
configure:2675: checking for a thread-safe mkdir -p
configure:2714: result: /usr/bin/mkdir -p
configure:2721: checking for gawk
configure:2737: found /usr/bin/gawk
configure:2748: result: gawk
configure:2759: checking whether make sets $(MAKE)
configure:2781: result: yes
configure:2810: checking whether make supports nested variables
configure:2827: result: yes
configure:2953: checking whether to enable maintainer-specific portions of Makefiles
configure:2962: result: no
configure:3041: checking for gcc
configure:3057: found /usr/bin/gcc
configure:3068: result: gcc
configure:3297: checking for C compiler version
configure:3306: gcc --version >&5
gcc (GCC) 4.7.3
Copyright (C) 2012 Free Software Foundation, Inc.
This is free software; see the source for copying conditions.  There is NO
warranty; not even for MERCHANTABILITY or FITNESS FOR A PARTICULAR PURPOSE.

configure:3317: $? = 0
configure:3306: gcc -v >&5
Using built-in specs.
COLLECT_GCC=gcc
COLLECT_LTO_WRAPPER=/usr/lib/gcc/i686-pc-cygwin/4.7.3/lto-wrapper.exe
Target: i686-pc-cygwin
Configured with: /cygdrive/i/szsz/git/cygwin-ports-gcc/gcc-4.7.3-1/src/gcc-4.7.3/configure --srcdir=/cygdrive/i/szsz/git/cygwin-ports-gcc/gcc-4.7.3-1/src/gcc-4.7.3 --prefix=/usr --exec-prefix=/usr --bindir=/usr/bin --sbindir=/usr/sbin --libexecdir=/usr/lib --datadir=/usr/share --localstatedir=/var --sysconfdir=/etc --datarootdir=/usr/share --docdir=/usr/share/doc/gcc -C --build=i686-pc-cygwin --host=i686-pc-cygwin --target=i686-pc-cygwin --without-libiconv-prefix --without-libintl-prefix --enable-shared --enable-shared-libgcc --enable-static --enable-version-specific-runtime-libs --enable-bootstrap --disable-__cxa_atexit --with-dwarf2 --with-arch=i686 --with-tune=generic --disable-sjlj-exceptions --enable-languages=ada,c,c++,fortran,java,lto,objc,obj-c++ --enable-graphite --enable-threads=posix --enable-libgomp --disable-libitm --enable-libquadmath --enable-libquadmath-support --enable-libssp --enable-libada --enable-libjava --enable-libgcj-sublibs --disable-java-awt --disable-symvers --with-ecj-jar=/usr/share/java/ecj.jar --with-gnu-ld --with-gnu-as --with-cloog-include=/usr/include/cloog-ppl --with-system-zlib : (reconfigured) /cygdrive/i/szsz/git/cygwin-ports-gcc/gcc-4.7.3-1/src/gcc-4.7.3/configure --srcdir=/cygdrive/i/szsz/git/cygwin-ports-gcc/gcc-4.7.3-1/src/gcc-4.7.3 --prefix=/usr --exec-prefix=/usr --bindir=/usr/bin --sbindir=/usr/sbin --libexecdir=/usr/lib --datadir=/usr/share --localstatedir=/var --sysconfdir=/etc --datarootdir=/usr/share --docdir=/usr/share/doc/gcc -C --build=i686-pc-cygwin --host=i686-pc-cygwin --target=i686-pc-cygwin --without-libiconv-prefix --without-libintl-prefix --enable-shared --enable-shared-libgcc --enable-static --enable-version-specific-runtime-libs --enable-bootstrap --disable-__cxa_atexit --with-dwarf2 --with-arch=i686 --with-tune=generic --disable-sjlj-exceptions --enable-languages=ada,c,c++,fortran,java,lto,objc,obj-c++ --enable-graphite --enable-threads=posix --enable-libgomp --disable-libitm --enable-libquadmath --enable-libquadmath-support --enable-libssp --enable-libada --enable-libjava --enable-libgcj-sublibs --disable-java-awt --disable-symvers --with-ecj-jar=/usr/share/java/ecj.jar --with-gnu-ld --with-gnu-as --with-cloog-include=/usr/include/cloog-ppl --with-system-zlib
Thread model: posix
gcc version 4.7.3 (GCC) 
configure:3317: $? = 0
configure:3306: gcc -V >&5
gcc: error: unrecognized command line option '-V'
gcc: fatal error: no input files
compilation terminated.
configure:3317: $? = 1
configure:3306: gcc -qversion >&5
gcc: error: unrecognized command line option '-qversion'
gcc: fatal error: no input files
compilation terminated.
configure:3317: $? = 1
configure:3337: checking whether the C compiler works
configure:3359: gcc    conftest.c  >&5
configure:3363: $? = 0
configure:3411: result: yes
configure:3414: checking for C compiler default output file name
configure:3416: result: a.exe
configure:3422: checking for suffix of executables
configure:3429: gcc -o conftest.exe    conftest.c  >&5
configure:3433: $? = 0
configure:3455: result: .exe
configure:3477: checking whether we are cross compiling
configure:3485: gcc -o conftest.exe    conftest.c  >&5
configure:3489: $? = 0
configure:3496: ./conftest.exe
configure:3500: $? = 0
configure:3515: result: no
configure:3520: checking for suffix of object files
configure:3542: gcc -c   conftest.c >&5
configure:3546: $? = 0
configure:3567: result: o
configure:3571: checking whether we are using the GNU C compiler
configure:3590: gcc -c   conftest.c >&5
configure:3590: $? = 0
configure:3599: result: yes
configure:3608: checking whether gcc accepts -g
configure:3628: gcc -c -g  conftest.c >&5
configure:3628: $? = 0
configure:3669: result: yes
configure:3686: checking for gcc option to accept ISO C89
configure:3749: gcc  -c -g -O2  conftest.c >&5
configure:3749: $? = 0
configure:3762: result: none needed
configure:3787: checking whether gcc understands -c and -o together
configure:3809: gcc -c conftest.c -o conftest2.o
configure:3812: $? = 0
configure:3809: gcc -c conftest.c -o conftest2.o
configure:3812: $? = 0
configure:3824: result: yes
configure:3852: checking for style of include used by make
configure:3880: result: GNU
configure:3906: checking dependency style of gcc
configure:4017: result: gcc3
configure:4041: checking dependency style of gcc
configure:4150: result: gcc3
configure:4169: checking build system type
configure:4183: result: i686-pc-cygwin
configure:4203: checking host system type
configure:4216: result: i686-pc-cygwin
configure:4236: checking for a sed that does not truncate output
configure:4300: result: /usr/bin/sed
configure:4318: checking for grep that handles long lines and -e
configure:4376: result: /usr/bin/grep
configure:4381: checking for egrep
configure:4443: result: /usr/bin/grep -E
configure:4448: checking for fgrep
configure:4510: result: /usr/bin/grep -F
configure:4537: checking how to print strings
configure:4564: result: printf
configure:4597: checking for ld used by gcc
configure:4664: result: /usr/i686-pc-cygwin/bin/ld.exe
configure:4671: checking if the linker (/usr/i686-pc-cygwin/bin/ld.exe) is GNU ld
configure:4686: result: yes
configure:4703: checking how to run the C preprocessor
configure:4734: gcc -E  conftest.c
configure:4734: $? = 0
configure:4748: gcc -E  conftest.c
conftest.c:11:28: fatal error: ac_nonexistent.h: No such file or directory
compilation terminated.
configure:4748: $? = 1
configure: failed program was:
| /* confdefs.h */
| #define PACKAGE_NAME "libpng"
| #define PACKAGE_TARNAME "libpng"
| #define PACKAGE_VERSION "1.5.18"
| #define PACKAGE_STRING "libpng 1.5.18"
| #define PACKAGE_BUGREPORT "png-mng-implement@lists.sourceforge.net"
| #define PACKAGE_URL ""
| #define PACKAGE "libpng"
| #define VERSION "1.5.18"
| /* end confdefs.h.  */
| #include <ac_nonexistent.h>
configure:4773: result: gcc -E
configure:4793: gcc -E  conftest.c
configure:4793: $? = 0
configure:4807: gcc -E  conftest.c
conftest.c:11:28: fatal error: ac_nonexistent.h: No such file or directory
compilation terminated.
configure:4807: $? = 1
configure: failed program was:
| /* confdefs.h */
| #define PACKAGE_NAME "libpng"
| #define PACKAGE_TARNAME "libpng"
| #define PACKAGE_VERSION "1.5.18"
| #define PACKAGE_STRING "libpng 1.5.18"
| #define PACKAGE_BUGREPORT "png-mng-implement@lists.sourceforge.net"
| #define PACKAGE_URL ""
| #define PACKAGE "libpng"
| #define VERSION "1.5.18"
| /* end confdefs.h.  */
| #include <ac_nonexistent.h>
configure:4835: checking for a sed that does not truncate output
configure:4899: result: /usr/bin/sed
configure:4908: checking for gawk
configure:4935: result: gawk
configure:4947: checking whether ln -s works
configure:4951: result: yes
configure:4958: checking whether make sets $(MAKE)
configure:4980: result: yes
configure:5031: checking for BSD- or MS-compatible name lister (nm)
configure:5080: result: /usr/bin/nm -B
configure:5210: checking the name lister (/usr/bin/nm -B) interface
configure:5217: gcc -c -g -O2  conftest.c >&5
configure:5220: /usr/bin/nm -B "conftest.o"
configure:5223: output
00000000 b .bss
00000000 d .data
00000000 N .debug_abbrev
00000000 N .debug_aranges
00000000 N .debug_info
00000000 N .debug_line
00000000 t .text
00000000 B _some_variable
configure:5230: result: BSD nm
configure:5234: checking the maximum length of command line arguments
configure:5364: result: 8192
configure:5381: checking whether the shell understands some XSI constructs
configure:5391: result: yes
configure:5395: checking whether the shell understands "+="
configure:5401: result: yes
configure:5436: checking how to convert i686-pc-cygwin file names to i686-pc-cygwin format
configure:5476: result: func_convert_file_noop
configure:5483: checking how to convert i686-pc-cygwin file names to toolchain format
configure:5503: result: func_convert_file_noop
configure:5510: checking for /usr/i686-pc-cygwin/bin/ld.exe option to reload object files
configure:5517: result: -r
configure:5591: checking for objdump
configure:5607: found /usr/bin/objdump
configure:5618: result: objdump
configure:5647: checking how to recognize dependent libraries
configure:5849: result: file_magic ^x86 archive import|^x86 DLL
configure:5934: checking for dlltool
configure:5950: found /usr/bin/dlltool
configure:5961: result: dlltool
configure:5991: checking how to associate runtime and link libraries
configure:6018: result: func_cygming_dll_for_implib
configure:6079: checking for ar
configure:6095: found /usr/bin/ar
configure:6106: result: ar
configure:6143: checking for archiver @FILE support
configure:6160: gcc -c -g -O2  conftest.c >&5
configure:6160: $? = 0
configure:6163: ar cru libconftest.a @conftest.lst >&5
configure:6166: $? = 0
configure:6171: ar cru libconftest.a @conftest.lst >&5
ar: conftest.o: No such file or directory
configure:6174: $? = 1
configure:6186: result: @
configure:6244: checking for strip
configure:6260: found /usr/bin/strip
configure:6271: result: strip
configure:6343: checking for ranlib
configure:6359: found /usr/bin/ranlib
configure:6370: result: ranlib
configure:6472: checking command to parse /usr/bin/nm -B output from gcc object
configure:6592: gcc -c -g -O2  conftest.c >&5
configure:6595: $? = 0
configure:6599: /usr/bin/nm -B conftest.o \| sed -n -e 's/^.*[ ]\([ABCDGIRSTW][ABCDGIRSTW]*\)[ ][ ]*\([_A-Za-z][_A-Za-z0-9]*\)$/\1 \2 \2/p' | sed '/ __gnu_lto/d' \> conftest.nm
configure:6602: $? = 0
cannot find nm_test_var in conftest.nm
configure:6592: gcc -c -g -O2  conftest.c >&5
configure:6595: $? = 0
configure:6599: /usr/bin/nm -B conftest.o \| sed -n -e 's/^.*[ ]\([ABCDGIRSTW][ABCDGIRSTW]*\)[ ][ ]*_\([_A-Za-z][_A-Za-z0-9]*\)$/\1 _\2 \2/p' | sed '/ __gnu_lto/d' \> conftest.nm
configure:6602: $? = 0
configure:6668: gcc -o conftest.exe -g -O2   conftest.c conftstm.o >&5
configure:6671: $? = 0
configure:6709: result: ok
configure:6746: checking for sysroot
configure:6776: result: no
configure:7032: checking for mt
configure:7062: result: no
configure:7082: checking if : is a manifest tool
configure:7088: : '-?'
configure:7096: result: no
configure:7734: checking for ANSI C header files
configure:7754: gcc -c -g -O2  conftest.c >&5
configure:7754: $? = 0
configure:7827: gcc -o conftest.exe -g -O2   conftest.c  >&5
configure:7827: $? = 0
configure:7827: ./conftest.exe
configure:7827: $? = 0
configure:7838: result: yes
configure:7851: checking for sys/types.h
configure:7851: gcc -c -g -O2  conftest.c >&5
configure:7851: $? = 0
configure:7851: result: yes
configure:7851: checking for sys/stat.h
configure:7851: gcc -c -g -O2  conftest.c >&5
configure:7851: $? = 0
configure:7851: result: yes
configure:7851: checking for stdlib.h
configure:7851: gcc -c -g -O2  conftest.c >&5
configure:7851: $? = 0
configure:7851: result: yes
configure:7851: checking for string.h
configure:7851: gcc -c -g -O2  conftest.c >&5
configure:7851: $? = 0
configure:7851: result: yes
configure:7851: checking for memory.h
configure:7851: gcc -c -g -O2  conftest.c >&5
configure:7851: $? = 0
configure:7851: result: yes
configure:7851: checking for strings.h
configure:7851: gcc -c -g -O2  conftest.c >&5
configure:7851: $? = 0
configure:7851: result: yes
configure:7851: checking for inttypes.h
configure:7851: gcc -c -g -O2  conftest.c >&5
configure:7851: $? = 0
configure:7851: result: yes
configure:7851: checking for stdint.h
configure:7851: gcc -c -g -O2  conftest.c >&5
configure:7851: $? = 0
configure:7851: result: yes
configure:7851: checking for unistd.h
configure:7851: gcc -c -g -O2  conftest.c >&5
configure:7851: $? = 0
configure:7851: result: yes
configure:7865: checking for dlfcn.h
configure:7865: gcc -c -g -O2  conftest.c >&5
configure:7865: $? = 0
configure:7865: result: yes
configure:7928: checking for as
configure:7944: found /usr/bin/as
configure:7955: result: as
configure:8020: checking for dlltool
configure:8047: result: dlltool
configure:8112: checking for objdump
configure:8139: result: objdump
configure:8369: checking for objdir
configure:8384: result: .libs
configure:8651: checking if gcc supports -fno-rtti -fno-exceptions
configure:8669: gcc -c -g -O2  -fno-rtti -fno-exceptions conftest.c >&5
cc1: warning: command line option '-fno-rtti' is valid for C++/ObjC++ but not for C [enabled by default]
configure:8673: $? = 0
configure:8686: result: no
configure:9013: checking for gcc option to produce PIC
configure:9020: result: -DDLL_EXPORT -DPIC
configure:9028: checking if gcc PIC flag -DDLL_EXPORT -DPIC works
configure:9046: gcc -c -g -O2  -DDLL_EXPORT -DPIC -DPIC conftest.c >&5
configure:9050: $? = 0
configure:9063: result: yes
configure:9092: checking if gcc static flag -static works
configure:9120: result: yes
configure:9135: checking if gcc supports -c -o file.o
configure:9156: gcc -c -g -O2  -o out/conftest2.o conftest.c >&5
configure:9160: $? = 0
configure:9182: result: yes
configure:9190: checking if gcc supports -c -o file.o
configure:9237: result: yes
configure:9270: checking whether the gcc linker (/usr/i686-pc-cygwin/bin/ld.exe) supports shared libraries
configure:10423: result: yes
configure:10460: checking whether -lc should be explicitly linked in
configure:10468: gcc -c -g -O2  conftest.c >&5
configure:10471: $? = 0
configure:10486: gcc -shared conftest.o  -v -o ./conftest -Wl,--enable-auto-image-base -Xlinker --out-implib -Xlinker conftest 2\>\&1 \| /usr/bin/grep  -lc  \>/dev/null 2\>\&1
configure:10489: $? = 1
configure:10503: result: yes
configure:10663: checking dynamic linker characteristics
configure:11396: result: Win32 ld.exe
configure:11503: checking how to hardcode library paths into programs
configure:11528: result: immediate
configure:12068: checking whether stripping libraries is possible
configure:12073: result: yes
configure:12108: checking if libtool supports shared libraries
configure:12110: result: yes
configure:12113: checking whether to build shared libraries
configure:12134: result: yes
configure:12137: checking whether to build static libraries
configure:12141: result: yes
configure:12180: checking for ANSI C header files
configure:12284: result: yes
configure:12295: checking malloc.h usability
configure:12295: gcc -c -g -O2  conftest.c >&5
configure:12295: $? = 0
configure:12295: result: yes
configure:12295: checking malloc.h presence
configure:12295: gcc -E  conftest.c
configure:12295: $? = 0
configure:12295: result: yes
configure:12295: checking for malloc.h
configure:12295: result: yes
configure:12295: checking for stdlib.h
configure:12295: result: yes
configure:12295: checking for string.h
configure:12295: result: yes
configure:12295: checking for strings.h
configure:12295: result: yes
configure:12307: checking for an ANSI C-conforming const
configure:12373: gcc -c -g -O2  conftest.c >&5
configure:12373: $? = 0
configure:12380: result: yes
configure:12388: checking for size_t
configure:12388: gcc -c -g -O2  conftest.c >&5
configure:12388: $? = 0
configure:12388: gcc -c -g -O2  conftest.c >&5
conftest.c: In function 'main':
conftest.c:64:21: error: expected expression before ')' token
configure:12388: $? = 1
configure: failed program was:
| /* confdefs.h */
| #define PACKAGE_NAME "libpng"
| #define PACKAGE_TARNAME "libpng"
| #define PACKAGE_VERSION "1.5.18"
| #define PACKAGE_STRING "libpng 1.5.18"
| #define PACKAGE_BUGREPORT "png-mng-implement@lists.sourceforge.net"
| #define PACKAGE_URL ""
| #define PACKAGE "libpng"
| #define VERSION "1.5.18"
| #define STDC_HEADERS 1
| #define HAVE_SYS_TYPES_H 1
| #define HAVE_SYS_STAT_H 1
| #define HAVE_STDLIB_H 1
| #define HAVE_STRING_H 1
| #define HAVE_MEMORY_H 1
| #define HAVE_STRINGS_H 1
| #define HAVE_INTTYPES_H 1
| #define HAVE_STDINT_H 1
| #define HAVE_UNISTD_H 1
| #define HAVE_DLFCN_H 1
| #define LT_OBJDIR ".libs/"
| #define STDC_HEADERS 1
| #define HAVE_MALLOC_H 1
| #define HAVE_STDLIB_H 1
| #define HAVE_STRING_H 1
| #define HAVE_STRINGS_H 1
| /* end confdefs.h.  */
| #include <stdio.h>
| #ifdef HAVE_SYS_TYPES_H
| # include <sys/types.h>
| #endif
| #ifdef HAVE_SYS_STAT_H
| # include <sys/stat.h>
| #endif
| #ifdef STDC_HEADERS
| # include <stdlib.h>
| # include <stddef.h>
| #else
| # ifdef HAVE_STDLIB_H
| #  include <stdlib.h>
| # endif
| #endif
| #ifdef HAVE_STRING_H
| # if !defined STDC_HEADERS && defined HAVE_MEMORY_H
| #  include <memory.h>
| # endif
| # include <string.h>
| #endif
| #ifdef HAVE_STRINGS_H
| # include <strings.h>
| #endif
| #ifdef HAVE_INTTYPES_H
| # include <inttypes.h>
| #endif
| #ifdef HAVE_STDINT_H
| # include <stdint.h>
| #endif
| #ifdef HAVE_UNISTD_H
| # include <unistd.h>
| #endif
| int
| main ()
| {
| if (sizeof ((size_t)))
| 	    return 0;
|   ;
|   return 0;
| }
configure:12388: result: yes
configure:12399: checking whether struct tm is in sys/time.h or time.h
configure:12419: gcc -c -g -O2  conftest.c >&5
configure:12419: $? = 0
configure:12426: result: time.h
configure:12434: checking for C/C++ restrict keyword
configure:12459: gcc -c -g -O2  conftest.c >&5
configure:12459: $? = 0
configure:12467: result: __restrict
configure:12487: checking for working strtod
configure:12528: gcc -o conftest.exe -g -O2   conftest.c  >&5
configure:12528: $? = 0
configure:12528: ./conftest.exe
configure:12528: $? = 0
configure:12538: result: yes
configure:12602: checking for memset
configure:12602: gcc -o conftest.exe -g -O2   conftest.c  >&5
conftest.c:52:6: warning: conflicting types for built-in function 'memset' [enabled by default]
configure:12602: $? = 0
configure:12602: result: yes
configure:12615: checking for pow
configure:12615: gcc -o conftest.exe -g -O2   conftest.c  >&5
conftest.c:53:6: warning: conflicting types for built-in function 'pow' [enabled by default]
configure:12615: $? = 0
configure:12615: result: yes
configure:12680: checking for zlibVersion in -lz
configure:12705: gcc -o conftest.exe -g -O2   conftest.c -lz   >&5
configure:12705: $? = 0
configure:12714: result: yes
configure:12779: checking for feenableexcept in -lm
configure:12804: gcc -o conftest.exe -g -O2   conftest.c -lm  -lz  >&5
configure:12804: $? = 0
configure:12813: result: yes
configure:12826: checking for feenableexcept
configure:12826: gcc -o conftest.exe -g -O2   conftest.c -lm -lz  >&5
configure:12826: $? = 0
configure:12826: result: yes
configure:12840: checking if using Solaris linker
configure:12849: result: no
configure:12861: checking if libraries can be versioned
configure:12869: result: no
configure:12933: pkgconfig directory is ${libdir}/pkgconfig
configure:13060: Extra options for compiler: 
configure:13178: checking that generated files are newer than configure
configure:13184: result: done
configure:13239: creating ./config.status

## ---------------------- ##
## Running config.status. ##
## ---------------------- ##

This file was extended by libpng config.status 1.5.18, which was
generated by GNU Autoconf 2.69.  Invocation command line was

  CONFIG_FILES    = 
  CONFIG_HEADERS  = 
  CONFIG_LINKS    = 
  CONFIG_COMMANDS = 
  $ ./config.status 

on pam-PC

config.status:1138: creating Makefile
config.status:1138: creating libpng.pc
config.status:1138: creating libpng-config
config.status:1138: creating config.h
config.status:1367: executing depfiles commands
config.status:1367: executing libtool commands

## ---------------- ##
## Cache variables. ##
## ---------------- ##

ac_cv_build=i686-pc-cygwin
ac_cv_c_compiler_gnu=yes
ac_cv_c_const=yes
ac_cv_c_restrict=__restrict
ac_cv_env_CCASFLAGS_set=
ac_cv_env_CCASFLAGS_value=
ac_cv_env_CCAS_set=
ac_cv_env_CCAS_value=
ac_cv_env_CC_set=
ac_cv_env_CC_value=
ac_cv_env_CFLAGS_set=
ac_cv_env_CFLAGS_value=
ac_cv_env_CPPFLAGS_set=
ac_cv_env_CPPFLAGS_value=
ac_cv_env_CPP_set=
ac_cv_env_CPP_value=
ac_cv_env_LDFLAGS_set=
ac_cv_env_LDFLAGS_value=
ac_cv_env_LIBS_set=
ac_cv_env_LIBS_value=
ac_cv_env_build_alias_set=
ac_cv_env_build_alias_value=
ac_cv_env_host_alias_set=
ac_cv_env_host_alias_value=
ac_cv_env_target_alias_set=
ac_cv_env_target_alias_value=
ac_cv_exeext=.exe
ac_cv_func_feenableexcept=yes
ac_cv_func_memset=yes
ac_cv_func_pow=yes
ac_cv_func_strtod=yes
ac_cv_header_dlfcn_h=yes
ac_cv_header_inttypes_h=yes
ac_cv_header_malloc_h=yes
ac_cv_header_memory_h=yes
ac_cv_header_stdc=yes
ac_cv_header_stdint_h=yes
ac_cv_header_stdlib_h=yes
ac_cv_header_string_h=yes
ac_cv_header_strings_h=yes
ac_cv_header_sys_stat_h=yes
ac_cv_header_sys_types_h=yes
ac_cv_header_unistd_h=yes
ac_cv_host=i686-pc-cygwin
ac_cv_lib_m_feenableexcept=yes
ac_cv_lib_z_zlibVersion=yes
ac_cv_objext=o
ac_cv_path_EGREP='/usr/bin/grep -E'
ac_cv_path_FGREP='/usr/bin/grep -F'
ac_cv_path_GREP=/usr/bin/grep
ac_cv_path_SED=/usr/bin/sed
ac_cv_path_install='/usr/bin/install -c'
ac_cv_path_mkdir=/usr/bin/mkdir
ac_cv_prog_AWK=gawk
ac_cv_prog_CPP='gcc -E'
ac_cv_prog_ac_ct_AR=ar
ac_cv_prog_ac_ct_AS=as
ac_cv_prog_ac_ct_CC=gcc
ac_cv_prog_ac_ct_DLLTOOL=dlltool
ac_cv_prog_ac_ct_OBJDUMP=objdump
ac_cv_prog_ac_ct_RANLIB=ranlib
ac_cv_prog_ac_ct_STRIP=strip
ac_cv_prog_cc_c89=
ac_cv_prog_cc_g=yes
ac_cv_prog_make_make_set=yes
ac_cv_struct_tm=time.h
ac_cv_type_size_t=yes
am_cv_CCAS_dependencies_compiler_type=gcc3
am_cv_CC_dependencies_compiler_type=gcc3
am_cv_make_support_nested_variables=yes
am_cv_prog_cc_c_o=yes
lt_cv_ar_at_file=@
lt_cv_archive_cmds_need_lc=yes
lt_cv_deplibs_check_method='file_magic ^x86 archive import|^x86 DLL'
lt_cv_file_magic_cmd=func_win32_libid
lt_cv_file_magic_test_file=
lt_cv_ld_reload_flag=-r
lt_cv_nm_interface='BSD nm'
lt_cv_objdir=.libs
lt_cv_path_LD=/usr/i686-pc-cygwin/bin/ld.exe
lt_cv_path_NM='/usr/bin/nm -B'
lt_cv_path_mainfest_tool=no
lt_cv_prog_compiler_c_o=yes
lt_cv_prog_compiler_pic='-DDLL_EXPORT -DPIC'
lt_cv_prog_compiler_pic_works=yes
lt_cv_prog_compiler_rtti_exceptions=no
lt_cv_prog_compiler_static_works=yes
lt_cv_prog_gnu_ld=yes
lt_cv_sharedlib_from_linklib_cmd=func_cygming_dll_for_implib
lt_cv_sys_global_symbol_pipe='sed -n -e '\''s/^.*[	 ]\([ABCDGIRSTW][ABCDGIRSTW]*\)[	 ][	 ]*_\([_A-Za-z][_A-Za-z0-9]*\)$/\1 _\2 \2/p'\'' | sed '\''/ __gnu_lto/d'\'''
lt_cv_sys_global_symbol_to_c_name_address='sed -n -e '\''s/^: \([^ ]*\)[ ]*$/  {\"\1\", (void *) 0},/p'\'' -e '\''s/^[ABCDGIRSTW]* \([^ ]*\) \([^ ]*\)$/  {"\2", (void *) \&\2},/p'\'''
lt_cv_sys_global_symbol_to_c_name_address_lib_prefix='sed -n -e '\''s/^: \([^ ]*\)[ ]*$/  {\"\1\", (void *) 0},/p'\'' -e '\''s/^[ABCDGIRSTW]* \([^ ]*\) \(lib[^ ]*\)$/  {"\2", (void *) \&\2},/p'\'' -e '\''s/^[ABCDGIRSTW]* \([^ ]*\) \([^ ]*\)$/  {"lib\2", (void *) \&\2},/p'\'''
lt_cv_sys_global_symbol_to_cdecl='sed -n -e '\''s/^T .* \(.*\)$/extern int \1();/p'\'' -e '\''s/^[ABCDGIRSTW]* .* \(.*\)$/extern char \1;/p'\'''
lt_cv_sys_max_cmd_len=8192
lt_cv_to_host_file_cmd=func_convert_file_noop
lt_cv_to_tool_file_cmd=func_convert_file_noop

## ----------------- ##
## Output variables. ##
## ----------------- ##

ACLOCAL='${SHELL} /cygdrive/h/work/ReverseVNCServer/jni/vnc/libpng-1.5.18/missing aclocal-1.14'
AMDEPBACKSLASH='\'
AMDEP_FALSE='#'
AMDEP_TRUE=''
AMTAR='$${TAR-tar}'
AM_BACKSLASH='\'
AM_DEFAULT_V='$(AM_DEFAULT_VERBOSITY)'
AM_DEFAULT_VERBOSITY='1'
AM_V='$(V)'
AR='ar'
AS='as'
AUTOCONF='${SHELL} /cygdrive/h/work/ReverseVNCServer/jni/vnc/libpng-1.5.18/missing autoconf'
AUTOHEADER='${SHELL} /cygdrive/h/work/ReverseVNCServer/jni/vnc/libpng-1.5.18/missing autoheader'
AUTOMAKE='${SHELL} /cygdrive/h/work/ReverseVNCServer/jni/vnc/libpng-1.5.18/missing automake-1.14'
AWK='gawk'
CC='gcc'
CCAS='gcc'
CCASDEPMODE='depmode=gcc3'
CCASFLAGS='-g -O2'
CCDEPMODE='depmode=gcc3'
CFLAGS='-g -O2'
CPP='gcc -E'
CPPFLAGS=''
CYGPATH_W='cygpath -w'
DEFS='-DHAVE_CONFIG_H'
DEPDIR='.deps'
DFNCPP='gcc -E'
DLLTOOL='dlltool'
DO_INSTALL_LIBPNG_CONFIG_FALSE='#'
DO_INSTALL_LIBPNG_CONFIG_TRUE=''
DO_INSTALL_LIBPNG_PC_FALSE='#'
DO_INSTALL_LIBPNG_PC_TRUE=''
DO_INSTALL_LINKS_FALSE='#'
DO_INSTALL_LINKS_TRUE=''
DSYMUTIL=''
DUMPBIN=''
ECHO_C=''
ECHO_N='-n'
ECHO_T=''
EGREP='/usr/bin/grep -E'
EXEEXT='.exe'
FGREP='/usr/bin/grep -F'
GREP='/usr/bin/grep'
HAVE_LD_VERSION_SCRIPT_FALSE=''
HAVE_LD_VERSION_SCRIPT_TRUE='#'
HAVE_SOLARIS_LD_FALSE=''
HAVE_SOLARIS_LD_TRUE='#'
INSTALL_DATA='${INSTALL} -m 644'
INSTALL_PROGRAM='${INSTALL}'
INSTALL_SCRIPT='${INSTALL}'
INSTALL_STRIP_PROGRAM='$(install_sh) -c -s'
LD='/usr/i686-pc-cygwin/bin/ld.exe'
LDFLAGS=''
LIBOBJS=''
LIBPNG_DEFINES='-DPNG_CONFIGURE_LIBPNG'
LIBS='-lm -lz '
LIBTOOL='$(SHELL) $(top_builddir)/libtool'
LIPO=''
LN_S='ln -s'
LTLIBOBJS=''
MAINT='#'
MAINTAINER_MODE_FALSE=''
MAINTAINER_MODE_TRUE='#'
MAKEINFO='${SHELL} /cygdrive/h/work/ReverseVNCServer/jni/vnc/libpng-1.5.18/missing makeinfo'
MANIFEST_TOOL=':'
MKDIR_P='/usr/bin/mkdir -p'
NM='/usr/bin/nm -B'
NMEDIT=''
OBJDUMP='objdump'
OBJEXT='o'
OTOOL64=''
OTOOL=''
PACKAGE='libpng'
PACKAGE_BUGREPORT='png-mng-implement@lists.sourceforge.net'
PACKAGE_NAME='libpng'
PACKAGE_STRING='libpng 1.5.18'
PACKAGE_TARNAME='libpng'
PACKAGE_URL=''
PACKAGE_VERSION='1.5.18'
PATH_SEPARATOR=':'
PNGLIB_MAJOR='1'
PNGLIB_MINOR='5'
PNGLIB_RELEASE='18'
PNGLIB_VERSION='1.5.18'
PNG_ARM_NEON_FALSE=''
PNG_ARM_NEON_TRUE='#'
POW_LIB=''
RANLIB='ranlib'
SED='/usr/bin/sed'
SET_MAKE=''
SHELL='/bin/sh'
STRIP='strip'
SYMBOL_PREFIX=''
VERSION='1.5.18'
ac_ct_AR='ar'
ac_ct_CC='gcc'
ac_ct_DUMPBIN=''
am__EXEEXT_FALSE='#'
am__EXEEXT_TRUE=''
am__fastdepCCAS_FALSE='#'
am__fastdepCCAS_TRUE=''
am__fastdepCC_FALSE='#'
am__fastdepCC_TRUE=''
am__include='include'
am__isrc=''
am__leading_dot='.'
am__nodep='_no'
am__quote=''
am__tar='$${TAR-tar} chof - "$$tardir"'
am__untar='$${TAR-tar} xf -'
binconfigs='${binconfigs}'
bindir='${exec_prefix}/bin'
build='i686-pc-cygwin'
build_alias=''
build_cpu='i686'
build_os='cygwin'
build_vendor='pc'
datadir='${datarootdir}'
datarootdir='${prefix}/share'
docdir='${datarootdir}/doc/${PACKAGE_TARNAME}'
dvidir='${docdir}'
exec_prefix='${prefix}'
host='i686-pc-cygwin'
host_alias=''
host_cpu='i686'
host_os='cygwin'
host_vendor='pc'
htmldir='${docdir}'
includedir='${prefix}/include'
infodir='${datarootdir}/info'
install_sh='${SHELL} /cygdrive/h/work/ReverseVNCServer/jni/vnc/libpng-1.5.18/install-sh'
libdir='${exec_prefix}/lib'
libexecdir='${exec_prefix}/libexec'
localedir='${datarootdir}/locale'
localstatedir='${prefix}/var'
mandir='${datarootdir}/man'
mkdir_p='$(MKDIR_P)'
oldincludedir='/usr/include'
pdfdir='${docdir}'
pkgconfigdir='${libdir}/pkgconfig'
prefix='/usr/local'
program_transform_name='s,x,x,'
psdir='${docdir}'
sbindir='${exec_prefix}/sbin'
sharedstatedir='${prefix}/com'
sysconfdir='${prefix}/etc'
target_alias=''

## ----------- ##
## confdefs.h. ##
## ----------- ##

/* confdefs.h */
#define PACKAGE_NAME "libpng"
#define PACKAGE_TARNAME "libpng"
#define PACKAGE_VERSION "1.5.18"
#define PACKAGE_STRING "libpng 1.5.18"
#define PACKAGE_BUGREPORT "png-mng-implement@lists.sourceforge.net"
#define PACKAGE_URL ""
#define PACKAGE "libpng"
#define VERSION "1.5.18"
#define STDC_HEADERS 1
#define HAVE_SYS_TYPES_H 1
#define HAVE_SYS_STAT_H 1
#define HAVE_STDLIB_H 1
#define HAVE_STRING_H 1
#define HAVE_MEMORY_H 1
#define HAVE_STRINGS_H 1
#define HAVE_INTTYPES_H 1
#define HAVE_STDINT_H 1
#define HAVE_UNISTD_H 1
#define HAVE_DLFCN_H 1
#define LT_OBJDIR ".libs/"
#define STDC_HEADERS 1
#define HAVE_MALLOC_H 1
#define HAVE_STDLIB_H 1
#define HAVE_STRING_H 1
#define HAVE_STRINGS_H 1
#define restrict __restrict
#define HAVE_MEMSET 1
#define HAVE_POW 1
#define HAVE_LIBZ 1
#define HAVE_LIBM 1
#define HAVE_FEENABLEEXCEPT 1

configure: exit 0
